{"name": "Login to orange HRM with multiple credentials -- @1.4 ", "status": "broken", "statusDetails": {"message": "selenium.common.exceptions.NoSuchElementException: Message: no such element: Unable to locate element: {\"method\":\"css selector\",\"selector\":\"[name=\"username\"]\"}\n  (Session info: chrome=127.0.6533.122); For documentation on this error, please visit: https://www.selenium.dev/documentation/webdriver/troubleshooting/errors#no-such-element-exception\nStacktrace:\n\tGetHandleVerifier [0x00007FF7AEB69642+30946]\n\t(No symbol) [0x00007FF7AEB1E3D9]\n\t(No symbol) [0x00007FF7AEA16FDA]\n\t(No symbol) [0x00007FF7AEA6822C]\n\t(No symbol) [0x00007FF7AEA6850C]\n\t(No symbol) [0x00007FF7AEAADCB7]\n\t(No symbol) [0x00007FF7AEA8CAAF]\n\t(No symbol) [0x00007FF7AEAAB041]\n\t(No symbol) [0x00007FF7AEA8C813]\n\t(No symbol) [0x00007FF7AEA5A6E5]\n\t(No symbol) [0x00007FF7AEA5B021]\n\tGetHandleVerifier [0x00007FF7AEC9F84D+1301229]\n\tGetHandleVerifier [0x00007FF7AECABDC7+1351783]\n\tGetHandleVerifier [0x00007FF7AECA2A13+1313971]\n\tGetHandleVerifier [0x00007FF7AEB9DD16+245686]\n\t(No symbol) [0x00007FF7AEB2759F]\n\t(No symbol) [0x00007FF7AEB23814]\n\t(No symbol) [0x00007FF7AEB239A2]\n\t(No symbol) [0x00007FF7AEB1A3FF]\n\tBaseThreadInitThunk [0x00007FFB3D81257D+29]\n\tRtlUserThreadStart [0x00007FFB3ED2AF28+40]\n\n", "trace": "  File \"C:\\Users\\mdzaids\\AppData\\Local\\JetBrains\\PyCharmCE2024.1\\demo\\PyCharmLearningProject\\venv\\Lib\\site-packages\\behave\\model.py\", line 1329, in run\n    match.run(runner.context)\n  File \"C:\\Users\\mdzaids\\AppData\\Local\\JetBrains\\PyCharmCE2024.1\\demo\\PyCharmLearningProject\\venv\\Lib\\site-packages\\behave\\matchers.py\", line 98, in run\n    self.func(context, *args, **kwargs)\n  File \"features\\steps\\02_step_parameter.py\", line 19, in step_impl\n    context.driver.find_element(By.NAME, \"username\").send_keys(user)\n    ^^^^^^^^^^^^^^^^^^^^^^^^^^^^^^^^^^^^^^^^^^^^^^^^\n  File \"C:\\Users\\mdzaids\\AppData\\Local\\JetBrains\\PyCharmCE2024.1\\demo\\PyCharmLearningProject\\venv\\Lib\\site-packages\\selenium\\webdriver\\remote\\webdriver.py\", line 748, in find_element\n    return self.execute(Command.FIND_ELEMENT, {\"using\": by, \"value\": value})[\"value\"]\n           ^^^^^^^^^^^^^^^^^^^^^^^^^^^^^^^^^^^^^^^^^^^^^^^^^^^^^^^^^^^^^^^^^\n  File \"C:\\Users\\mdzaids\\AppData\\Local\\JetBrains\\PyCharmCE2024.1\\demo\\PyCharmLearningProject\\venv\\Lib\\site-packages\\selenium\\webdriver\\remote\\webdriver.py\", line 354, in execute\n    self.error_handler.check_response(response)\n  File \"C:\\Users\\mdzaids\\AppData\\Local\\JetBrains\\PyCharmCE2024.1\\demo\\PyCharmLearningProject\\venv\\Lib\\site-packages\\selenium\\webdriver\\remote\\errorhandler.py\", line 229, in check_response\n    raise exception_class(message, screen, stacktrace)\n"}, "steps": [{"name": "Given I Launch Chrome browser", "status": "passed", "start": 1724753102479, "stop": 1724753104167}, {"name": "When I Open orange HRM homepage", "status": "passed", "start": 1724753104167, "stop": 1724753153858}, {"name": "And Enter username \"admin\" and password \"adminxyz\"", "status": "broken", "statusDetails": {"message": "selenium.common.exceptions.NoSuchElementException: Message: no such element: Unable to locate element: {\"method\":\"css selector\",\"selector\":\"[name=\"username\"]\"}\n  (Session info: chrome=127.0.6533.122); For documentation on this error, please visit: https://www.selenium.dev/documentation/webdriver/troubleshooting/errors#no-such-element-exception\nStacktrace:\n\tGetHandleVerifier [0x00007FF7AEB69642+30946]\n\t(No symbol) [0x00007FF7AEB1E3D9]\n\t(No symbol) [0x00007FF7AEA16FDA]\n\t(No symbol) [0x00007FF7AEA6822C]\n\t(No symbol) [0x00007FF7AEA6850C]\n\t(No symbol) [0x00007FF7AEAADCB7]\n\t(No symbol) [0x00007FF7AEA8CAAF]\n\t(No symbol) [0x00007FF7AEAAB041]\n\t(No symbol) [0x00007FF7AEA8C813]\n\t(No symbol) [0x00007FF7AEA5A6E5]\n\t(No symbol) [0x00007FF7AEA5B021]\n\tGetHandleVerifier [0x00007FF7AEC9F84D+1301229]\n\tGetHandleVerifier [0x00007FF7AECABDC7+1351783]\n\tGetHandleVerifier [0x00007FF7AECA2A13+1313971]\n\tGetHandleVerifier [0x00007FF7AEB9DD16+245686]\n\t(No symbol) [0x00007FF7AEB2759F]\n\t(No symbol) [0x00007FF7AEB23814]\n\t(No symbol) [0x00007FF7AEB239A2]\n\t(No symbol) [0x00007FF7AEB1A3FF]\n\tBaseThreadInitThunk [0x00007FFB3D81257D+29]\n\tRtlUserThreadStart [0x00007FFB3ED2AF28+40]\n\n", "trace": "  File \"C:\\Users\\mdzaids\\AppData\\Local\\JetBrains\\PyCharmCE2024.1\\demo\\PyCharmLearningProject\\venv\\Lib\\site-packages\\behave\\model.py\", line 1329, in run\n    match.run(runner.context)\n  File \"C:\\Users\\mdzaids\\AppData\\Local\\JetBrains\\PyCharmCE2024.1\\demo\\PyCharmLearningProject\\venv\\Lib\\site-packages\\behave\\matchers.py\", line 98, in run\n    self.func(context, *args, **kwargs)\n  File \"features\\steps\\02_step_parameter.py\", line 19, in step_impl\n    context.driver.find_element(By.NAME, \"username\").send_keys(user)\n    ^^^^^^^^^^^^^^^^^^^^^^^^^^^^^^^^^^^^^^^^^^^^^^^^\n  File \"C:\\Users\\mdzaids\\AppData\\Local\\JetBrains\\PyCharmCE2024.1\\demo\\PyCharmLearningProject\\venv\\Lib\\site-packages\\selenium\\webdriver\\remote\\webdriver.py\", line 748, in find_element\n    return self.execute(Command.FIND_ELEMENT, {\"using\": by, \"value\": value})[\"value\"]\n           ^^^^^^^^^^^^^^^^^^^^^^^^^^^^^^^^^^^^^^^^^^^^^^^^^^^^^^^^^^^^^^^^^\n  File \"C:\\Users\\mdzaids\\AppData\\Local\\JetBrains\\PyCharmCE2024.1\\demo\\PyCharmLearningProject\\venv\\Lib\\site-packages\\selenium\\webdriver\\remote\\webdriver.py\", line 354, in execute\n    self.error_handler.check_response(response)\n  File \"C:\\Users\\mdzaids\\AppData\\Local\\JetBrains\\PyCharmCE2024.1\\demo\\PyCharmLearningProject\\venv\\Lib\\site-packages\\selenium\\webdriver\\remote\\errorhandler.py\", line 229, in check_response\n    raise exception_class(message, screen, stacktrace)\n"}, "start": 1724753153858, "stop": 1724753163912}, {"name": "And Click on login button", "status": "skipped", "start": 1724753163913, "stop": 1724753163913}, {"name": "Then User must successfully login to dashboard page", "status": "skipped", "start": 1724753163913, "stop": 1724753163913}], "parameters": [{"name": "username", "value": "admin"}, {"name": "password", "value": "adminxyz"}], "start": 1724753102478, "stop": 1724753163913, "uuid": "5a2bc25d-e288-43a5-ab71-11d0b6254793", "historyId": "27cf3217c1f0120759e65bdbf4460275", "fullName": "OrangeHRM login: Login to orange HRM with multiple credentials", "labels": [{"name": "severity", "value": "normal"}, {"name": "feature", "value": "OrangeHRM login"}, {"name": "framework", "value": "behave"}, {"name": "language", "value": "cpython3"}]}